<?xml version="1.0" encoding="UTF-8"?>
<!-- Generated by org.testng.reporters.JUnitXMLReporter -->
<testsuite hostname="HYDHTC397298D" name="VacationRateService Tests" tests="2" failures="0" timestamp="3 Sep 2019 09:46:04 GMT" time="26.96" errors="0">
  <testcase name="ScheduleVacationWithNoRate" time="24.96" classname="com.aristo.test.NoRateTest"/>
  <testcase name="ScheduleVacationWithNoRate" time="1.935" classname="com.aristo.test.NoRateTest"/>
</testsuite> <!-- VacationRateService Tests -->
